Infos   : Logging On
Infos   : Window State : NORMAL | Loaded Successfully
Infos   : Size Loaded : X = 1024, Y = 450 | Loaded Successfully
Traces  : MainFrame : has been created successfully
Infos   : Working Directory : C:\Users\Sphiyo\Desktop\Github\MedEase\MedEase\Content\databases | Loaded Successfully
Traces  : Setup new path in a file manager C:\Users\Sphiyo\Desktop\Github\MedEase\MedEase\Content\databases
Traces  : Setup new path in a file manager C:\Users\Sphiyo\Desktop\Github\MedEase\MedEase\Content\databases
Warning : Can't load folders or files not from database types | Can't load directory = 'C:\\Users\\Sphiyo\\Desktop\\Github\\MedEase\\MedEase\\Content\\databases' , itemName = 'New folder'
Infos   : Theme : FORESTDARK | Loaded Successfully
Infos   : Opened Paths : 
Infos   :              : C:\Users\Sphiyo\Desktop\Github\MedEase\MedEase\Content\databases\StockNew.db | Loaded Successfully
Infos   : Database : C:\Users\Sphiyo\Desktop\Github\MedEase\MedEase\Content\databases\StockNew.db has Opened
Traces  : SubWindow : Modify Price has been created
Traces  : Column : Price is being modified with ref = '16'
Traces  : Column : Price is modified successfuly with ref = '16'
Infos   : SubWindow : Modify Price has been destroyed from memory
Infos   : Database : C:\Users\Sphiyo\Desktop\Github\MedEase\MedEase\Content\databases\StockNew.db has been destroyed from memory
Infos   : CloseTab's name : StockNew.db
Infos   : CloseTab's path : C:\Users\Sphiyo\Desktop\Github\MedEase\MedEase\Content\databases\StockNew.db
Traces  : Tab To Check For Is Open Is : C:\Users\Sphiyo\Desktop\Github\MedEase\MedEase\Content\databases\StockNew.db, 
				 From [] Tabs
Infos   : Database : C:\Users\Sphiyo\Desktop\Github\MedEase\MedEase\Content\databases\StockNew.db has Opened
Traces  : ------------------------------ Check Should Save | Application::NeedsSave() ------------------------------
Traces  : There Are No Changes Made Without Saving | FramedTable::IsDirty()
Traces  : Main Application Destroyed
Traces  : MainFrame : has been destroyed from memory
Traces  : Opened Paths | Saved | Success
Traces  : Opened Paths | Saved | Success
Infos   : FramedTable : has been destroyed from memory
Infos   : Database : C:\Users\Sphiyo\Desktop\Github\MedEase\MedEase\Content\databases\StockNew.db has been destroyed from memory
Traces  : MainMenu : has been destroyed from memory
Infos   : FrameTab : has been destroyed from memory
Infos   : FramedTable : has been destroyed from memory
Infos   : FrameTab : has been destroyed from memory
Infos   : FramedTable : has been destroyed from memory
Infos   : Log Class Begin Destruction
Infos   : Logging Off
Infos   : Log Class End Destruction



